<?xml version="1.0" encoding="UTF-8"?>
<!-- Generated by org.testng.reporters.JUnitReportReporter -->
<testsuite skipped="0" hostname="admin-PC" name="testScript.TestCase3" tests="1" failures="0" timestamp="20 Jan 2019 12:21:47 GMT" time="43.873" errors="0">
  <testcase name="scenario2" time="43.873" classname="testScript.TestCase3"/>
</testsuite> <!-- testScript.TestCase3 -->
