<?xml version="1.0" encoding="UTF-8"?>
<!-- Generated by org.testng.reporters.JUnitReportReporter -->
<testsuite skipped="0" hostname="admin-PC" name="testScript.TestCase1" tests="1" failures="0" timestamp="19 Jan 2019 12:41:38 GMT" time="30.576" errors="0">
  <testcase name="Scenario1a" time="30.576" classname="testScript.TestCase1"/>
</testsuite> <!-- testScript.TestCase1 -->
