<?xml version="1.0" encoding="UTF-8"?>
<!-- Generated by org.testng.reporters.JUnitReportReporter -->
<testsuite skipped="0" hostname="admin-PC" name="testScript.TestCase1" tests="1" failures="0" timestamp="20 Jan 2019 12:34:42 GMT" time="34.251" errors="0">
  <testcase name="Scenario1a" time="34.251" classname="testScript.TestCase1"/>
</testsuite> <!-- testScript.TestCase1 -->
